<?xml version="1.0" encoding="UTF-8"?>
<testng-results ignored="0" total="2" passed="2" failed="0" skipped="0">
  <reporter-output>
  </reporter-output>
  <suite started-at="2024-03-05T11:09:53 IST" name="Default suite" finished-at="2024-03-05T11:11:18 IST" duration-ms="84898">
    <groups>
    </groups>
    <test started-at="2024-03-05T11:09:53 IST" name="Default test" finished-at="2024-03-05T11:11:18 IST" duration-ms="84898">
      <class name="PageObjectModel.TestNgExecution">
        <test-method is-config="true" signature="driverSetup()[pri:0, instance:PageObjectModel.TestNgExecution@3f4faf53]" started-at="2024-03-05T11:09:20 IST" name="driverSetup" finished-at="2024-03-05T11:09:53 IST" duration-ms="33482" status="PASS">
          <reporter-output>
          </reporter-output>
        </test-method> <!-- driverSetup -->
        <test-method signature="Page1()[pri:2, instance:PageObjectModel.TestNgExecution@3f4faf53]" started-at="2024-03-05T11:09:54 IST" name="Page1" finished-at="2024-03-05T11:10:57 IST" duration-ms="63896" status="PASS">
          <reporter-output>
          </reporter-output>
        </test-method> <!-- Page1 -->
        <test-method signature="Page2()[pri:3, instance:PageObjectModel.TestNgExecution@3f4faf53]" started-at="2024-03-05T11:10:57 IST" name="Page2" finished-at="2024-03-05T11:11:18 IST" duration-ms="20824" status="PASS">
          <reporter-output>
          </reporter-output>
        </test-method> <!-- Page2 -->
        <test-method is-config="true" signature="tearDown()[pri:0, instance:PageObjectModel.TestNgExecution@3f4faf53]" started-at="2024-03-05T11:11:18 IST" name="tearDown" finished-at="2024-03-05T11:11:20 IST" duration-ms="2009" status="PASS">
          <reporter-output>
          </reporter-output>
        </test-method> <!-- tearDown -->
      </class> <!-- PageObjectModel.TestNgExecution -->
    </test> <!-- Default test -->
  </suite> <!-- Default suite -->
</testng-results>
