<?xml version="1.0" encoding="UTF-8"?>
<testng-results ignored="0" total="2" passed="2" failed="0" skipped="0">
  <reporter-output>
  </reporter-output>
  <suite started-at="2024-03-04T23:57:26 IST" name="Default suite" finished-at="2024-03-04T23:59:17 IST" duration-ms="110812">
    <groups>
    </groups>
    <test started-at="2024-03-04T23:57:26 IST" name="Default test" finished-at="2024-03-04T23:59:17 IST" duration-ms="110812">
      <class name="PageObjectModel.TestNgExecution">
        <test-method is-config="true" signature="driverSetup()[pri:0, instance:PageObjectModel.TestNgExecution@3f4faf53]" started-at="2024-03-04T23:56:04 IST" name="driverSetup" finished-at="2024-03-04T23:57:26 IST" duration-ms="81548" status="PASS">
          <reporter-output>
          </reporter-output>
        </test-method> <!-- driverSetup -->
        <test-method signature="Page1()[pri:2, instance:PageObjectModel.TestNgExecution@3f4faf53]" started-at="2024-03-04T23:57:26 IST" name="Page1" finished-at="2024-03-04T23:59:00 IST" duration-ms="93812" status="PASS">
          <reporter-output>
          </reporter-output>
        </test-method> <!-- Page1 -->
        <test-method signature="Page2()[pri:3, instance:PageObjectModel.TestNgExecution@3f4faf53]" started-at="2024-03-04T23:59:00 IST" name="Page2" finished-at="2024-03-04T23:59:17 IST" duration-ms="16882" status="PASS">
          <reporter-output>
          </reporter-output>
        </test-method> <!-- Page2 -->
        <test-method is-config="true" signature="tearDown()[pri:0, instance:PageObjectModel.TestNgExecution@3f4faf53]" started-at="2024-03-04T23:59:17 IST" name="tearDown" finished-at="2024-03-04T23:59:19 IST" duration-ms="2046" status="PASS">
          <reporter-output>
          </reporter-output>
        </test-method> <!-- tearDown -->
      </class> <!-- PageObjectModel.TestNgExecution -->
    </test> <!-- Default test -->
  </suite> <!-- Default suite -->
</testng-results>
